0 info it worked if it ends with ok
1 verbose cli [ 'C:\\Program Files\\nodejs\\\\node.exe',
1 verbose cli   'C:\\Program Files\\nodejs\\node_modules\\npm\\bin\\npm-cli.js',
1 verbose cli   'i',
1 verbose cli   'gulp-browser-sync',
1 verbose cli   '--save-dev' ]
2 info using npm@1.4.28
3 info using node@v0.10.32
4 verbose node symlink C:\Program Files\nodejs\\node.exe
5 warn package.json My-frontend-prototype@0.0.1 No repository field.
6 verbose readDependencies using package.json deps
7 verbose cache add [ 'gulp-browser-sync', null ]
8 verbose cache add name=undefined spec="gulp-browser-sync" args=["gulp-browser-sync",null]
9 verbose parsed url { protocol: null,
9 verbose parsed url   slashes: null,
9 verbose parsed url   auth: null,
9 verbose parsed url   host: null,
9 verbose parsed url   port: null,
9 verbose parsed url   hostname: null,
9 verbose parsed url   hash: null,
9 verbose parsed url   search: null,
9 verbose parsed url   query: null,
9 verbose parsed url   pathname: 'gulp-browser-sync',
9 verbose parsed url   path: 'gulp-browser-sync',
9 verbose parsed url   href: 'gulp-browser-sync' }
10 silly lockFile b33bd72e-gulp-browser-sync gulp-browser-sync
11 verbose lock gulp-browser-sync C:\Users\valuev\AppData\Roaming\npm-cache\b33bd72e-gulp-browser-sync.lock
12 silly lockFile b33bd72e-gulp-browser-sync gulp-browser-sync
13 silly lockFile b33bd72e-gulp-browser-sync gulp-browser-sync
14 verbose addNamed [ 'gulp-browser-sync', '' ]
15 verbose addNamed [ null, '*' ]
16 silly lockFile 4c305f9a-gulp-browser-sync gulp-browser-sync@
17 verbose lock gulp-browser-sync@ C:\Users\valuev\AppData\Roaming\npm-cache\4c305f9a-gulp-browser-sync.lock
18 silly addNameRange { name: 'gulp-browser-sync', range: '*', hasData: false }
19 verbose request where is /gulp-browser-sync
20 verbose request registry https://registry.npmjs.org/
21 verbose request id 9b6898440d9168f5
22 verbose url raw /gulp-browser-sync
23 verbose url resolving [ 'https://registry.npmjs.org/', './gulp-browser-sync' ]
24 verbose url resolved https://registry.npmjs.org/gulp-browser-sync
25 verbose request where is https://registry.npmjs.org/gulp-browser-sync
26 info trying registry request attempt 1 at 17:33:02
27 http GET https://registry.npmjs.org/gulp-browser-sync
28 http 404 https://registry.npmjs.org/gulp-browser-sync
29 verbose headers { date: 'Tue, 21 Oct 2014 13:33:03 GMT',
29 verbose headers   server: 'CouchDB/1.5.0 (Erlang OTP/R16B03)',
29 verbose headers   'content-type': 'application/json',
29 verbose headers   'cache-control': 'max-age=0',
29 verbose headers   'content-length': '52',
29 verbose headers   'accept-ranges': 'bytes',
29 verbose headers   via: '1.1 varnish',
29 verbose headers   age: '0',
29 verbose headers   'x-served-by': 'cache-fra1244-FRA',
29 verbose headers   'x-cache': 'MISS',
29 verbose headers   'x-cache-hits': '0',
29 verbose headers   'x-timer': 'S1413898382.704486,VS0,VE425',
29 verbose headers   'keep-alive': 'timeout=10, max=50',
29 verbose headers   connection: 'Keep-Alive' }
30 silly registry.get cb [ 404,
30 silly registry.get   { date: 'Tue, 21 Oct 2014 13:33:03 GMT',
30 silly registry.get     server: 'CouchDB/1.5.0 (Erlang OTP/R16B03)',
30 silly registry.get     'content-type': 'application/json',
30 silly registry.get     'cache-control': 'max-age=0',
30 silly registry.get     'content-length': '52',
30 silly registry.get     'accept-ranges': 'bytes',
30 silly registry.get     via: '1.1 varnish',
30 silly registry.get     age: '0',
30 silly registry.get     'x-served-by': 'cache-fra1244-FRA',
30 silly registry.get     'x-cache': 'MISS',
30 silly registry.get     'x-cache-hits': '0',
30 silly registry.get     'x-timer': 'S1413898382.704486,VS0,VE425',
30 silly registry.get     'keep-alive': 'timeout=10, max=50',
30 silly registry.get     connection: 'Keep-Alive' } ]
31 silly lockFile 4c305f9a-gulp-browser-sync gulp-browser-sync@
32 silly lockFile 4c305f9a-gulp-browser-sync gulp-browser-sync@
33 error 404 404 Not Found: gulp-browser-sync
33 error 404
33 error 404 'gulp-browser-sync' is not in the npm registry.
33 error 404 You should bug the author to publish it
33 error 404 It was specified as a dependency of 'My-frontend-prototype'
33 error 404
33 error 404 Note that you can also install from a
33 error 404 tarball, folder, or http url, or git url.
34 error System Windows_NT 6.1.7601
35 error command "C:\\Program Files\\nodejs\\\\node.exe" "C:\\Program Files\\nodejs\\node_modules\\npm\\bin\\npm-cli.js" "i" "gulp-browser-sync" "--save-dev"
36 error cwd C:\Users\valuev\Desktop\My frontend starter
37 error node -v v0.10.32
38 error npm -v 1.4.28
39 error code E404
40 verbose exit [ 1, true ]
